ARM GAS  C:\Users\Kenneth\AppData\Local\Temp\cc29bzEH.s 			page 1


   1              		.cpu cortex-m4
   2              		.arch armv7e-m
   3              		.fpu fpv4-sp-d16
   4              		.eabi_attribute 27, 1
   5              		.eabi_attribute 28, 1
   6              		.eabi_attribute 20, 1
   7              		.eabi_attribute 21, 1
   8              		.eabi_attribute 23, 3
   9              		.eabi_attribute 24, 1
  10              		.eabi_attribute 25, 1
  11              		.eabi_attribute 26, 1
  12              		.eabi_attribute 30, 1
  13              		.eabi_attribute 34, 1
  14              		.eabi_attribute 18, 4
  15              		.file	"main.c"
  16              		.text
  17              	.Ltext0:
  18              		.cfi_sections	.debug_frame
  19              		.section	.text.MX_GPIO_Init,"ax",%progbits
  20              		.align	1
  21              		.syntax unified
  22              		.thumb
  23              		.thumb_func
  25              	MX_GPIO_Init:
  26              	.LFB132:
  27              		.file 1 "Core/Src/main.c"
   1:Core/Src/main.c **** /* USER CODE BEGIN Header */
   2:Core/Src/main.c **** /**
   3:Core/Src/main.c ****   ******************************************************************************
   4:Core/Src/main.c ****   * @file           : main.c
   5:Core/Src/main.c ****   * @brief          : Main program body
   6:Core/Src/main.c ****   ******************************************************************************
   7:Core/Src/main.c ****   * @attention
   8:Core/Src/main.c ****   *
   9:Core/Src/main.c ****   * Copyright (c) 2022 STMicroelectronics.
  10:Core/Src/main.c ****   * All rights reserved.
  11:Core/Src/main.c ****   *
  12:Core/Src/main.c ****   * This software is licensed under terms that can be found in the LICENSE file
  13:Core/Src/main.c ****   * in the root directory of this software component.
  14:Core/Src/main.c ****   * If no LICENSE file comes with this software, it is provided AS-IS.
  15:Core/Src/main.c ****   *
  16:Core/Src/main.c ****   ******************************************************************************
  17:Core/Src/main.c ****   */
  18:Core/Src/main.c **** /* USER CODE END Header */
  19:Core/Src/main.c **** /* Includes ------------------------------------------------------------------*/
  20:Core/Src/main.c **** #include "main.h"
  21:Core/Src/main.c **** 
  22:Core/Src/main.c **** /* Private includes ----------------------------------------------------------*/
  23:Core/Src/main.c **** /* USER CODE BEGIN Includes */
  24:Core/Src/main.c **** #include "mymain.h"
  25:Core/Src/main.c **** /* USER CODE END Includes */
  26:Core/Src/main.c **** 
  27:Core/Src/main.c **** /* Private typedef -----------------------------------------------------------*/
  28:Core/Src/main.c **** /* USER CODE BEGIN PTD */
  29:Core/Src/main.c **** 
  30:Core/Src/main.c **** /* USER CODE END PTD */
  31:Core/Src/main.c **** 
ARM GAS  C:\Users\Kenneth\AppData\Local\Temp\cc29bzEH.s 			page 2


  32:Core/Src/main.c **** /* Private define ------------------------------------------------------------*/
  33:Core/Src/main.c **** /* USER CODE BEGIN PD */
  34:Core/Src/main.c **** /* USER CODE END PD */
  35:Core/Src/main.c **** 
  36:Core/Src/main.c **** /* Private macro -------------------------------------------------------------*/
  37:Core/Src/main.c **** /* USER CODE BEGIN PM */
  38:Core/Src/main.c **** 
  39:Core/Src/main.c **** /* USER CODE END PM */
  40:Core/Src/main.c **** 
  41:Core/Src/main.c **** /* Private variables ---------------------------------------------------------*/
  42:Core/Src/main.c **** 
  43:Core/Src/main.c **** /* USER CODE BEGIN PV */
  44:Core/Src/main.c **** 
  45:Core/Src/main.c **** /* USER CODE END PV */
  46:Core/Src/main.c **** 
  47:Core/Src/main.c **** /* Private function prototypes -----------------------------------------------*/
  48:Core/Src/main.c **** void SystemClock_Config(void);
  49:Core/Src/main.c **** static void MX_GPIO_Init(void);
  50:Core/Src/main.c **** /* USER CODE BEGIN PFP */
  51:Core/Src/main.c **** 
  52:Core/Src/main.c **** /* USER CODE END PFP */
  53:Core/Src/main.c **** 
  54:Core/Src/main.c **** /* Private user code ---------------------------------------------------------*/
  55:Core/Src/main.c **** /* USER CODE BEGIN 0 */
  56:Core/Src/main.c **** 
  57:Core/Src/main.c **** /* USER CODE END 0 */
  58:Core/Src/main.c **** 
  59:Core/Src/main.c **** /**
  60:Core/Src/main.c ****   * @brief  The application entry point.
  61:Core/Src/main.c ****   * @retval int
  62:Core/Src/main.c ****   */
  63:Core/Src/main.c **** int main(void)
  64:Core/Src/main.c **** {
  65:Core/Src/main.c ****   /* USER CODE BEGIN 1 */
  66:Core/Src/main.c **** 
  67:Core/Src/main.c ****   /* USER CODE END 1 */
  68:Core/Src/main.c **** 
  69:Core/Src/main.c ****   /* MCU Configuration--------------------------------------------------------*/
  70:Core/Src/main.c **** 
  71:Core/Src/main.c ****   /* Reset of all peripherals, Initializes the Flash interface and the Systick. */
  72:Core/Src/main.c ****   HAL_Init();
  73:Core/Src/main.c **** 
  74:Core/Src/main.c ****   /* USER CODE BEGIN Init */
  75:Core/Src/main.c **** 
  76:Core/Src/main.c ****   /* USER CODE END Init */
  77:Core/Src/main.c **** 
  78:Core/Src/main.c ****   /* Configure the system clock */
  79:Core/Src/main.c ****   SystemClock_Config();
  80:Core/Src/main.c **** 
  81:Core/Src/main.c ****   /* USER CODE BEGIN SysInit */
  82:Core/Src/main.c **** 
  83:Core/Src/main.c ****   /* USER CODE END SysInit */
  84:Core/Src/main.c **** 
  85:Core/Src/main.c ****   /* Initialize all configured peripherals */
  86:Core/Src/main.c ****   MX_GPIO_Init();
  87:Core/Src/main.c ****   /* USER CODE BEGIN 2 */
  88:Core/Src/main.c ****   myMain();
ARM GAS  C:\Users\Kenneth\AppData\Local\Temp\cc29bzEH.s 			page 3


  89:Core/Src/main.c ****   /* USER CODE END 2 */
  90:Core/Src/main.c **** 
  91:Core/Src/main.c ****   /* Infinite loop */
  92:Core/Src/main.c ****   /* USER CODE BEGIN WHILE */
  93:Core/Src/main.c ****   while (1)
  94:Core/Src/main.c ****   {
  95:Core/Src/main.c ****     HAL_GPIO_WritePin(GPIOD,LD3_Pin,GPIO_PIN_SET);
  96:Core/Src/main.c ****     HAL_Delay(600);
  97:Core/Src/main.c ****     HAL_GPIO_WritePin(GPIOD,LD3_Pin,GPIO_PIN_RESET);
  98:Core/Src/main.c ****     HAL_Delay(600);
  99:Core/Src/main.c **** 
 100:Core/Src/main.c **** 
 101:Core/Src/main.c ****     /* USER CODE END WHILE */
 102:Core/Src/main.c **** 
 103:Core/Src/main.c ****     /* USER CODE BEGIN 3 */
 104:Core/Src/main.c ****   }
 105:Core/Src/main.c ****   /* USER CODE END 3 */
 106:Core/Src/main.c **** }
 107:Core/Src/main.c **** 
 108:Core/Src/main.c **** /**
 109:Core/Src/main.c ****   * @brief System Clock Configuration
 110:Core/Src/main.c ****   * @retval None
 111:Core/Src/main.c ****   */
 112:Core/Src/main.c **** void SystemClock_Config(void)
 113:Core/Src/main.c **** {
 114:Core/Src/main.c ****   RCC_OscInitTypeDef RCC_OscInitStruct = {0};
 115:Core/Src/main.c ****   RCC_ClkInitTypeDef RCC_ClkInitStruct = {0};
 116:Core/Src/main.c **** 
 117:Core/Src/main.c ****   /** Configure the main internal regulator output voltage
 118:Core/Src/main.c ****   */
 119:Core/Src/main.c ****   __HAL_RCC_PWR_CLK_ENABLE();
 120:Core/Src/main.c ****   __HAL_PWR_VOLTAGESCALING_CONFIG(PWR_REGULATOR_VOLTAGE_SCALE1);
 121:Core/Src/main.c **** 
 122:Core/Src/main.c ****   /** Initializes the RCC Oscillators according to the specified parameters
 123:Core/Src/main.c ****   * in the RCC_OscInitTypeDef structure.
 124:Core/Src/main.c ****   */
 125:Core/Src/main.c ****   RCC_OscInitStruct.OscillatorType = RCC_OSCILLATORTYPE_HSI;
 126:Core/Src/main.c ****   RCC_OscInitStruct.HSIState = RCC_HSI_ON;
 127:Core/Src/main.c ****   RCC_OscInitStruct.HSICalibrationValue = RCC_HSICALIBRATION_DEFAULT;
 128:Core/Src/main.c ****   RCC_OscInitStruct.PLL.PLLState = RCC_PLL_ON;
 129:Core/Src/main.c ****   RCC_OscInitStruct.PLL.PLLSource = RCC_PLLSOURCE_HSI;
 130:Core/Src/main.c ****   RCC_OscInitStruct.PLL.PLLM = 8;
 131:Core/Src/main.c ****   RCC_OscInitStruct.PLL.PLLN = 50;
 132:Core/Src/main.c ****   RCC_OscInitStruct.PLL.PLLP = RCC_PLLP_DIV4;
 133:Core/Src/main.c ****   RCC_OscInitStruct.PLL.PLLQ = 8;
 134:Core/Src/main.c ****   if (HAL_RCC_OscConfig(&RCC_OscInitStruct) != HAL_OK)
 135:Core/Src/main.c ****   {
 136:Core/Src/main.c ****     Error_Handler();
 137:Core/Src/main.c ****   }
 138:Core/Src/main.c **** 
 139:Core/Src/main.c ****   /** Initializes the CPU, AHB and APB buses clocks
 140:Core/Src/main.c ****   */
 141:Core/Src/main.c ****   RCC_ClkInitStruct.ClockType = RCC_CLOCKTYPE_HCLK|RCC_CLOCKTYPE_SYSCLK
 142:Core/Src/main.c ****                               |RCC_CLOCKTYPE_PCLK1|RCC_CLOCKTYPE_PCLK2;
 143:Core/Src/main.c ****   RCC_ClkInitStruct.SYSCLKSource = RCC_SYSCLKSOURCE_PLLCLK;
 144:Core/Src/main.c ****   RCC_ClkInitStruct.AHBCLKDivider = RCC_SYSCLK_DIV1;
 145:Core/Src/main.c ****   RCC_ClkInitStruct.APB1CLKDivider = RCC_HCLK_DIV4;
ARM GAS  C:\Users\Kenneth\AppData\Local\Temp\cc29bzEH.s 			page 4


 146:Core/Src/main.c ****   RCC_ClkInitStruct.APB2CLKDivider = RCC_HCLK_DIV2;
 147:Core/Src/main.c **** 
 148:Core/Src/main.c ****   if (HAL_RCC_ClockConfig(&RCC_ClkInitStruct, FLASH_LATENCY_0) != HAL_OK)
 149:Core/Src/main.c ****   {
 150:Core/Src/main.c ****     Error_Handler();
 151:Core/Src/main.c ****   }
 152:Core/Src/main.c **** }
 153:Core/Src/main.c **** 
 154:Core/Src/main.c **** /**
 155:Core/Src/main.c ****   * @brief GPIO Initialization Function
 156:Core/Src/main.c ****   * @param None
 157:Core/Src/main.c ****   * @retval None
 158:Core/Src/main.c ****   */
 159:Core/Src/main.c **** static void MX_GPIO_Init(void)
 160:Core/Src/main.c **** {
  28              		.loc 1 160 1 view -0
  29              		.cfi_startproc
  30              		@ args = 0, pretend = 0, frame = 48
  31              		@ frame_needed = 0, uses_anonymous_args = 0
  32 0000 2DE9F04F 		push	{r4, r5, r6, r7, r8, r9, r10, fp, lr}
  33              	.LCFI0:
  34              		.cfi_def_cfa_offset 36
  35              		.cfi_offset 4, -36
  36              		.cfi_offset 5, -32
  37              		.cfi_offset 6, -28
  38              		.cfi_offset 7, -24
  39              		.cfi_offset 8, -20
  40              		.cfi_offset 9, -16
  41              		.cfi_offset 10, -12
  42              		.cfi_offset 11, -8
  43              		.cfi_offset 14, -4
  44 0004 8DB0     		sub	sp, sp, #52
  45              	.LCFI1:
  46              		.cfi_def_cfa_offset 88
 161:Core/Src/main.c ****   GPIO_InitTypeDef GPIO_InitStruct = {0};
  47              		.loc 1 161 3 view .LVU1
  48              		.loc 1 161 20 is_stmt 0 view .LVU2
  49 0006 0024     		movs	r4, #0
  50 0008 0794     		str	r4, [sp, #28]
  51 000a 0894     		str	r4, [sp, #32]
  52 000c 0994     		str	r4, [sp, #36]
  53 000e 0A94     		str	r4, [sp, #40]
  54 0010 0B94     		str	r4, [sp, #44]
 162:Core/Src/main.c **** 
 163:Core/Src/main.c ****   /* GPIO Ports Clock Enable */
 164:Core/Src/main.c ****   __HAL_RCC_GPIOE_CLK_ENABLE();
  55              		.loc 1 164 3 is_stmt 1 view .LVU3
  56              	.LBB4:
  57              		.loc 1 164 3 view .LVU4
  58 0012 0194     		str	r4, [sp, #4]
  59              		.loc 1 164 3 view .LVU5
  60 0014 7B4B     		ldr	r3, .L3
  61 0016 1A6B     		ldr	r2, [r3, #48]
  62 0018 42F01002 		orr	r2, r2, #16
  63 001c 1A63     		str	r2, [r3, #48]
  64              		.loc 1 164 3 view .LVU6
  65 001e 1A6B     		ldr	r2, [r3, #48]
ARM GAS  C:\Users\Kenneth\AppData\Local\Temp\cc29bzEH.s 			page 5


  66 0020 02F01002 		and	r2, r2, #16
  67 0024 0192     		str	r2, [sp, #4]
  68              		.loc 1 164 3 view .LVU7
  69 0026 019A     		ldr	r2, [sp, #4]
  70              	.LBE4:
  71              		.loc 1 164 3 view .LVU8
 165:Core/Src/main.c ****   __HAL_RCC_GPIOC_CLK_ENABLE();
  72              		.loc 1 165 3 view .LVU9
  73              	.LBB5:
  74              		.loc 1 165 3 view .LVU10
  75 0028 0294     		str	r4, [sp, #8]
  76              		.loc 1 165 3 view .LVU11
  77 002a 1A6B     		ldr	r2, [r3, #48]
  78 002c 42F00402 		orr	r2, r2, #4
  79 0030 1A63     		str	r2, [r3, #48]
  80              		.loc 1 165 3 view .LVU12
  81 0032 1A6B     		ldr	r2, [r3, #48]
  82 0034 02F00402 		and	r2, r2, #4
  83 0038 0292     		str	r2, [sp, #8]
  84              		.loc 1 165 3 view .LVU13
  85 003a 029A     		ldr	r2, [sp, #8]
  86              	.LBE5:
  87              		.loc 1 165 3 view .LVU14
 166:Core/Src/main.c ****   __HAL_RCC_GPIOH_CLK_ENABLE();
  88              		.loc 1 166 3 view .LVU15
  89              	.LBB6:
  90              		.loc 1 166 3 view .LVU16
  91 003c 0394     		str	r4, [sp, #12]
  92              		.loc 1 166 3 view .LVU17
  93 003e 1A6B     		ldr	r2, [r3, #48]
  94 0040 42F08002 		orr	r2, r2, #128
  95 0044 1A63     		str	r2, [r3, #48]
  96              		.loc 1 166 3 view .LVU18
  97 0046 1A6B     		ldr	r2, [r3, #48]
  98 0048 02F08002 		and	r2, r2, #128
  99 004c 0392     		str	r2, [sp, #12]
 100              		.loc 1 166 3 view .LVU19
 101 004e 039A     		ldr	r2, [sp, #12]
 102              	.LBE6:
 103              		.loc 1 166 3 view .LVU20
 167:Core/Src/main.c ****   __HAL_RCC_GPIOA_CLK_ENABLE();
 104              		.loc 1 167 3 view .LVU21
 105              	.LBB7:
 106              		.loc 1 167 3 view .LVU22
 107 0050 0494     		str	r4, [sp, #16]
 108              		.loc 1 167 3 view .LVU23
 109 0052 1A6B     		ldr	r2, [r3, #48]
 110 0054 42F00102 		orr	r2, r2, #1
 111 0058 1A63     		str	r2, [r3, #48]
 112              		.loc 1 167 3 view .LVU24
 113 005a 1A6B     		ldr	r2, [r3, #48]
 114 005c 02F00102 		and	r2, r2, #1
 115 0060 0492     		str	r2, [sp, #16]
 116              		.loc 1 167 3 view .LVU25
 117 0062 049A     		ldr	r2, [sp, #16]
 118              	.LBE7:
 119              		.loc 1 167 3 view .LVU26
ARM GAS  C:\Users\Kenneth\AppData\Local\Temp\cc29bzEH.s 			page 6


 168:Core/Src/main.c ****   __HAL_RCC_GPIOB_CLK_ENABLE();
 120              		.loc 1 168 3 view .LVU27
 121              	.LBB8:
 122              		.loc 1 168 3 view .LVU28
 123 0064 0594     		str	r4, [sp, #20]
 124              		.loc 1 168 3 view .LVU29
 125 0066 1A6B     		ldr	r2, [r3, #48]
 126 0068 42F00202 		orr	r2, r2, #2
 127 006c 1A63     		str	r2, [r3, #48]
 128              		.loc 1 168 3 view .LVU30
 129 006e 1A6B     		ldr	r2, [r3, #48]
 130 0070 02F00202 		and	r2, r2, #2
 131 0074 0592     		str	r2, [sp, #20]
 132              		.loc 1 168 3 view .LVU31
 133 0076 059A     		ldr	r2, [sp, #20]
 134              	.LBE8:
 135              		.loc 1 168 3 view .LVU32
 169:Core/Src/main.c ****   __HAL_RCC_GPIOD_CLK_ENABLE();
 136              		.loc 1 169 3 view .LVU33
 137              	.LBB9:
 138              		.loc 1 169 3 view .LVU34
 139 0078 0694     		str	r4, [sp, #24]
 140              		.loc 1 169 3 view .LVU35
 141 007a 1A6B     		ldr	r2, [r3, #48]
 142 007c 42F00802 		orr	r2, r2, #8
 143 0080 1A63     		str	r2, [r3, #48]
 144              		.loc 1 169 3 view .LVU36
 145 0082 1B6B     		ldr	r3, [r3, #48]
 146 0084 03F00803 		and	r3, r3, #8
 147 0088 0693     		str	r3, [sp, #24]
 148              		.loc 1 169 3 view .LVU37
 149 008a 069B     		ldr	r3, [sp, #24]
 150              	.LBE9:
 151              		.loc 1 169 3 view .LVU38
 170:Core/Src/main.c **** 
 171:Core/Src/main.c ****   /*Configure GPIO pin Output Level */
 172:Core/Src/main.c ****   HAL_GPIO_WritePin(CS_I2C_SPI_GPIO_Port, CS_I2C_SPI_Pin, GPIO_PIN_RESET);
 152              		.loc 1 172 3 view .LVU39
 153 008c 5E4E     		ldr	r6, .L3+4
 154 008e 2246     		mov	r2, r4
 155 0090 0821     		movs	r1, #8
 156 0092 3046     		mov	r0, r6
 157 0094 FFF7FEFF 		bl	HAL_GPIO_WritePin
 158              	.LVL0:
 173:Core/Src/main.c **** 
 174:Core/Src/main.c ****   /*Configure GPIO pin Output Level */
 175:Core/Src/main.c ****   HAL_GPIO_WritePin(OTG_FS_PowerSwitchOn_GPIO_Port, OTG_FS_PowerSwitchOn_Pin, GPIO_PIN_SET);
 159              		.loc 1 175 3 view .LVU40
 160 0098 DFF87481 		ldr	r8, .L3+12
 161 009c 0122     		movs	r2, #1
 162 009e 1146     		mov	r1, r2
 163 00a0 4046     		mov	r0, r8
 164 00a2 FFF7FEFF 		bl	HAL_GPIO_WritePin
 165              	.LVL1:
 176:Core/Src/main.c **** 
 177:Core/Src/main.c ****   /*Configure GPIO pin Output Level */
 178:Core/Src/main.c ****   HAL_GPIO_WritePin(GPIOD, LD4_Pin|LD3_Pin|LD5_Pin|LD6_Pin
ARM GAS  C:\Users\Kenneth\AppData\Local\Temp\cc29bzEH.s 			page 7


 166              		.loc 1 178 3 view .LVU41
 167 00a6 DFF86C91 		ldr	r9, .L3+16
 168 00aa 2246     		mov	r2, r4
 169 00ac 4FF21001 		movw	r1, #61456
 170 00b0 4846     		mov	r0, r9
 171 00b2 FFF7FEFF 		bl	HAL_GPIO_WritePin
 172              	.LVL2:
 179:Core/Src/main.c ****                           |Audio_RST_Pin, GPIO_PIN_RESET);
 180:Core/Src/main.c **** 
 181:Core/Src/main.c ****   /*Configure GPIO pin : DATA_Ready_Pin */
 182:Core/Src/main.c ****   GPIO_InitStruct.Pin = DATA_Ready_Pin;
 173              		.loc 1 182 3 view .LVU42
 174              		.loc 1 182 23 is_stmt 0 view .LVU43
 175 00b6 0423     		movs	r3, #4
 176 00b8 0793     		str	r3, [sp, #28]
 183:Core/Src/main.c ****   GPIO_InitStruct.Mode = GPIO_MODE_INPUT;
 177              		.loc 1 183 3 is_stmt 1 view .LVU44
 178              		.loc 1 183 24 is_stmt 0 view .LVU45
 179 00ba 0894     		str	r4, [sp, #32]
 184:Core/Src/main.c ****   GPIO_InitStruct.Pull = GPIO_NOPULL;
 180              		.loc 1 184 3 is_stmt 1 view .LVU46
 181              		.loc 1 184 24 is_stmt 0 view .LVU47
 182 00bc 0994     		str	r4, [sp, #36]
 185:Core/Src/main.c ****   HAL_GPIO_Init(DATA_Ready_GPIO_Port, &GPIO_InitStruct);
 183              		.loc 1 185 3 is_stmt 1 view .LVU48
 184 00be 07A9     		add	r1, sp, #28
 185 00c0 3046     		mov	r0, r6
 186 00c2 FFF7FEFF 		bl	HAL_GPIO_Init
 187              	.LVL3:
 186:Core/Src/main.c **** 
 187:Core/Src/main.c ****   /*Configure GPIO pin : CS_I2C_SPI_Pin */
 188:Core/Src/main.c ****   GPIO_InitStruct.Pin = CS_I2C_SPI_Pin;
 188              		.loc 1 188 3 view .LVU49
 189              		.loc 1 188 23 is_stmt 0 view .LVU50
 190 00c6 4FF0080A 		mov	r10, #8
 191 00ca CDF81CA0 		str	r10, [sp, #28]
 189:Core/Src/main.c ****   GPIO_InitStruct.Mode = GPIO_MODE_OUTPUT_PP;
 192              		.loc 1 189 3 is_stmt 1 view .LVU51
 193              		.loc 1 189 24 is_stmt 0 view .LVU52
 194 00ce 0125     		movs	r5, #1
 195 00d0 0895     		str	r5, [sp, #32]
 190:Core/Src/main.c ****   GPIO_InitStruct.Pull = GPIO_NOPULL;
 196              		.loc 1 190 3 is_stmt 1 view .LVU53
 197              		.loc 1 190 24 is_stmt 0 view .LVU54
 198 00d2 0994     		str	r4, [sp, #36]
 191:Core/Src/main.c ****   GPIO_InitStruct.Speed = GPIO_SPEED_FREQ_LOW;
 199              		.loc 1 191 3 is_stmt 1 view .LVU55
 200              		.loc 1 191 25 is_stmt 0 view .LVU56
 201 00d4 0A94     		str	r4, [sp, #40]
 192:Core/Src/main.c ****   HAL_GPIO_Init(CS_I2C_SPI_GPIO_Port, &GPIO_InitStruct);
 202              		.loc 1 192 3 is_stmt 1 view .LVU57
 203 00d6 07A9     		add	r1, sp, #28
 204 00d8 3046     		mov	r0, r6
 205 00da FFF7FEFF 		bl	HAL_GPIO_Init
 206              	.LVL4:
 193:Core/Src/main.c **** 
 194:Core/Src/main.c ****   /*Configure GPIO pins : INT1_Pin INT2_Pin MEMS_INT2_Pin */
ARM GAS  C:\Users\Kenneth\AppData\Local\Temp\cc29bzEH.s 			page 8


 195:Core/Src/main.c ****   GPIO_InitStruct.Pin = INT1_Pin|INT2_Pin|MEMS_INT2_Pin;
 207              		.loc 1 195 3 view .LVU58
 208              		.loc 1 195 23 is_stmt 0 view .LVU59
 209 00de 3223     		movs	r3, #50
 210 00e0 0793     		str	r3, [sp, #28]
 196:Core/Src/main.c ****   GPIO_InitStruct.Mode = GPIO_MODE_EVT_RISING;
 211              		.loc 1 196 3 is_stmt 1 view .LVU60
 212              		.loc 1 196 24 is_stmt 0 view .LVU61
 213 00e2 4FF49017 		mov	r7, #1179648
 214 00e6 0897     		str	r7, [sp, #32]
 197:Core/Src/main.c ****   GPIO_InitStruct.Pull = GPIO_NOPULL;
 215              		.loc 1 197 3 is_stmt 1 view .LVU62
 216              		.loc 1 197 24 is_stmt 0 view .LVU63
 217 00e8 0994     		str	r4, [sp, #36]
 198:Core/Src/main.c ****   HAL_GPIO_Init(GPIOE, &GPIO_InitStruct);
 218              		.loc 1 198 3 is_stmt 1 view .LVU64
 219 00ea 07A9     		add	r1, sp, #28
 220 00ec 3046     		mov	r0, r6
 221 00ee FFF7FEFF 		bl	HAL_GPIO_Init
 222              	.LVL5:
 199:Core/Src/main.c **** 
 200:Core/Src/main.c ****   /*Configure GPIO pin : OTG_FS_PowerSwitchOn_Pin */
 201:Core/Src/main.c ****   GPIO_InitStruct.Pin = OTG_FS_PowerSwitchOn_Pin;
 223              		.loc 1 201 3 view .LVU65
 224              		.loc 1 201 23 is_stmt 0 view .LVU66
 225 00f2 0795     		str	r5, [sp, #28]
 202:Core/Src/main.c ****   GPIO_InitStruct.Mode = GPIO_MODE_OUTPUT_PP;
 226              		.loc 1 202 3 is_stmt 1 view .LVU67
 227              		.loc 1 202 24 is_stmt 0 view .LVU68
 228 00f4 0895     		str	r5, [sp, #32]
 203:Core/Src/main.c ****   GPIO_InitStruct.Pull = GPIO_NOPULL;
 229              		.loc 1 203 3 is_stmt 1 view .LVU69
 230              		.loc 1 203 24 is_stmt 0 view .LVU70
 231 00f6 0994     		str	r4, [sp, #36]
 204:Core/Src/main.c ****   GPIO_InitStruct.Speed = GPIO_SPEED_FREQ_LOW;
 232              		.loc 1 204 3 is_stmt 1 view .LVU71
 233              		.loc 1 204 25 is_stmt 0 view .LVU72
 234 00f8 0A94     		str	r4, [sp, #40]
 205:Core/Src/main.c ****   HAL_GPIO_Init(OTG_FS_PowerSwitchOn_GPIO_Port, &GPIO_InitStruct);
 235              		.loc 1 205 3 is_stmt 1 view .LVU73
 236 00fa 07A9     		add	r1, sp, #28
 237 00fc 4046     		mov	r0, r8
 238 00fe FFF7FEFF 		bl	HAL_GPIO_Init
 239              	.LVL6:
 206:Core/Src/main.c **** 
 207:Core/Src/main.c ****   /*Configure GPIO pin : PDM_OUT_Pin */
 208:Core/Src/main.c ****   GPIO_InitStruct.Pin = PDM_OUT_Pin;
 240              		.loc 1 208 3 view .LVU74
 241              		.loc 1 208 23 is_stmt 0 view .LVU75
 242 0102 CDF81CA0 		str	r10, [sp, #28]
 209:Core/Src/main.c ****   GPIO_InitStruct.Mode = GPIO_MODE_AF_PP;
 243              		.loc 1 209 3 is_stmt 1 view .LVU76
 244              		.loc 1 209 24 is_stmt 0 view .LVU77
 245 0106 0226     		movs	r6, #2
 246 0108 0896     		str	r6, [sp, #32]
 210:Core/Src/main.c ****   GPIO_InitStruct.Pull = GPIO_NOPULL;
 247              		.loc 1 210 3 is_stmt 1 view .LVU78
ARM GAS  C:\Users\Kenneth\AppData\Local\Temp\cc29bzEH.s 			page 9


 248              		.loc 1 210 24 is_stmt 0 view .LVU79
 249 010a 0994     		str	r4, [sp, #36]
 211:Core/Src/main.c ****   GPIO_InitStruct.Speed = GPIO_SPEED_FREQ_LOW;
 250              		.loc 1 211 3 is_stmt 1 view .LVU80
 251              		.loc 1 211 25 is_stmt 0 view .LVU81
 252 010c 0A94     		str	r4, [sp, #40]
 212:Core/Src/main.c ****   GPIO_InitStruct.Alternate = GPIO_AF5_SPI2;
 253              		.loc 1 212 3 is_stmt 1 view .LVU82
 254              		.loc 1 212 29 is_stmt 0 view .LVU83
 255 010e 4FF0050A 		mov	r10, #5
 256 0112 CDF82CA0 		str	r10, [sp, #44]
 213:Core/Src/main.c ****   HAL_GPIO_Init(PDM_OUT_GPIO_Port, &GPIO_InitStruct);
 257              		.loc 1 213 3 is_stmt 1 view .LVU84
 258 0116 07A9     		add	r1, sp, #28
 259 0118 4046     		mov	r0, r8
 260 011a FFF7FEFF 		bl	HAL_GPIO_Init
 261              	.LVL7:
 214:Core/Src/main.c **** 
 215:Core/Src/main.c ****   /*Configure GPIO pin : PA0 */
 216:Core/Src/main.c ****   GPIO_InitStruct.Pin = GPIO_PIN_0;
 262              		.loc 1 216 3 view .LVU85
 263              		.loc 1 216 23 is_stmt 0 view .LVU86
 264 011e 0795     		str	r5, [sp, #28]
 217:Core/Src/main.c ****   GPIO_InitStruct.Mode = GPIO_MODE_EVT_RISING;
 265              		.loc 1 217 3 is_stmt 1 view .LVU87
 266              		.loc 1 217 24 is_stmt 0 view .LVU88
 267 0120 0897     		str	r7, [sp, #32]
 218:Core/Src/main.c ****   GPIO_InitStruct.Pull = GPIO_NOPULL;
 268              		.loc 1 218 3 is_stmt 1 view .LVU89
 269              		.loc 1 218 24 is_stmt 0 view .LVU90
 270 0122 0994     		str	r4, [sp, #36]
 219:Core/Src/main.c ****   HAL_GPIO_Init(GPIOA, &GPIO_InitStruct);
 271              		.loc 1 219 3 is_stmt 1 view .LVU91
 272 0124 394F     		ldr	r7, .L3+8
 273 0126 07A9     		add	r1, sp, #28
 274 0128 3846     		mov	r0, r7
 275 012a FFF7FEFF 		bl	HAL_GPIO_Init
 276              	.LVL8:
 220:Core/Src/main.c **** 
 221:Core/Src/main.c ****   /*Configure GPIO pin : I2S3_WS_Pin */
 222:Core/Src/main.c ****   GPIO_InitStruct.Pin = I2S3_WS_Pin;
 277              		.loc 1 222 3 view .LVU92
 278              		.loc 1 222 23 is_stmt 0 view .LVU93
 279 012e 1023     		movs	r3, #16
 280 0130 0793     		str	r3, [sp, #28]
 223:Core/Src/main.c ****   GPIO_InitStruct.Mode = GPIO_MODE_AF_PP;
 281              		.loc 1 223 3 is_stmt 1 view .LVU94
 282              		.loc 1 223 24 is_stmt 0 view .LVU95
 283 0132 0896     		str	r6, [sp, #32]
 224:Core/Src/main.c ****   GPIO_InitStruct.Pull = GPIO_NOPULL;
 284              		.loc 1 224 3 is_stmt 1 view .LVU96
 285              		.loc 1 224 24 is_stmt 0 view .LVU97
 286 0134 0994     		str	r4, [sp, #36]
 225:Core/Src/main.c ****   GPIO_InitStruct.Speed = GPIO_SPEED_FREQ_LOW;
 287              		.loc 1 225 3 is_stmt 1 view .LVU98
 288              		.loc 1 225 25 is_stmt 0 view .LVU99
 289 0136 0A94     		str	r4, [sp, #40]
ARM GAS  C:\Users\Kenneth\AppData\Local\Temp\cc29bzEH.s 			page 10


 226:Core/Src/main.c ****   GPIO_InitStruct.Alternate = GPIO_AF6_SPI3;
 290              		.loc 1 226 3 is_stmt 1 view .LVU100
 291              		.loc 1 226 29 is_stmt 0 view .LVU101
 292 0138 4FF0060B 		mov	fp, #6
 293 013c CDF82CB0 		str	fp, [sp, #44]
 227:Core/Src/main.c ****   HAL_GPIO_Init(I2S3_WS_GPIO_Port, &GPIO_InitStruct);
 294              		.loc 1 227 3 is_stmt 1 view .LVU102
 295 0140 07A9     		add	r1, sp, #28
 296 0142 3846     		mov	r0, r7
 297 0144 FFF7FEFF 		bl	HAL_GPIO_Init
 298              	.LVL9:
 228:Core/Src/main.c **** 
 229:Core/Src/main.c ****   /*Configure GPIO pins : SPI1_SCK_Pin SPI1_MISO_Pin SPI1_MOSI_Pin */
 230:Core/Src/main.c ****   GPIO_InitStruct.Pin = SPI1_SCK_Pin|SPI1_MISO_Pin|SPI1_MOSI_Pin;
 299              		.loc 1 230 3 view .LVU103
 300              		.loc 1 230 23 is_stmt 0 view .LVU104
 301 0148 E023     		movs	r3, #224
 302 014a 0793     		str	r3, [sp, #28]
 231:Core/Src/main.c ****   GPIO_InitStruct.Mode = GPIO_MODE_AF_PP;
 303              		.loc 1 231 3 is_stmt 1 view .LVU105
 304              		.loc 1 231 24 is_stmt 0 view .LVU106
 305 014c 0896     		str	r6, [sp, #32]
 232:Core/Src/main.c ****   GPIO_InitStruct.Pull = GPIO_NOPULL;
 306              		.loc 1 232 3 is_stmt 1 view .LVU107
 307              		.loc 1 232 24 is_stmt 0 view .LVU108
 308 014e 0994     		str	r4, [sp, #36]
 233:Core/Src/main.c ****   GPIO_InitStruct.Speed = GPIO_SPEED_FREQ_VERY_HIGH;
 309              		.loc 1 233 3 is_stmt 1 view .LVU109
 310              		.loc 1 233 25 is_stmt 0 view .LVU110
 311 0150 0323     		movs	r3, #3
 312 0152 0A93     		str	r3, [sp, #40]
 234:Core/Src/main.c ****   GPIO_InitStruct.Alternate = GPIO_AF5_SPI1;
 313              		.loc 1 234 3 is_stmt 1 view .LVU111
 314              		.loc 1 234 29 is_stmt 0 view .LVU112
 315 0154 CDF82CA0 		str	r10, [sp, #44]
 235:Core/Src/main.c ****   HAL_GPIO_Init(GPIOA, &GPIO_InitStruct);
 316              		.loc 1 235 3 is_stmt 1 view .LVU113
 317 0158 07A9     		add	r1, sp, #28
 318 015a 3846     		mov	r0, r7
 319 015c FFF7FEFF 		bl	HAL_GPIO_Init
 320              	.LVL10:
 236:Core/Src/main.c **** 
 237:Core/Src/main.c ****   /*Configure GPIO pins : CLK_IN_Pin PB12 */
 238:Core/Src/main.c ****   GPIO_InitStruct.Pin = CLK_IN_Pin|GPIO_PIN_12;
 321              		.loc 1 238 3 view .LVU114
 322              		.loc 1 238 23 is_stmt 0 view .LVU115
 323 0160 4FF4A053 		mov	r3, #5120
 324 0164 0793     		str	r3, [sp, #28]
 239:Core/Src/main.c ****   GPIO_InitStruct.Mode = GPIO_MODE_AF_PP;
 325              		.loc 1 239 3 is_stmt 1 view .LVU116
 326              		.loc 1 239 24 is_stmt 0 view .LVU117
 327 0166 0896     		str	r6, [sp, #32]
 240:Core/Src/main.c ****   GPIO_InitStruct.Pull = GPIO_NOPULL;
 328              		.loc 1 240 3 is_stmt 1 view .LVU118
 329              		.loc 1 240 24 is_stmt 0 view .LVU119
 330 0168 0994     		str	r4, [sp, #36]
 241:Core/Src/main.c ****   GPIO_InitStruct.Speed = GPIO_SPEED_FREQ_LOW;
ARM GAS  C:\Users\Kenneth\AppData\Local\Temp\cc29bzEH.s 			page 11


 331              		.loc 1 241 3 is_stmt 1 view .LVU120
 332              		.loc 1 241 25 is_stmt 0 view .LVU121
 333 016a 0A94     		str	r4, [sp, #40]
 242:Core/Src/main.c ****   GPIO_InitStruct.Alternate = GPIO_AF5_SPI2;
 334              		.loc 1 242 3 is_stmt 1 view .LVU122
 335              		.loc 1 242 29 is_stmt 0 view .LVU123
 336 016c CDF82CA0 		str	r10, [sp, #44]
 243:Core/Src/main.c ****   HAL_GPIO_Init(GPIOB, &GPIO_InitStruct);
 337              		.loc 1 243 3 is_stmt 1 view .LVU124
 338 0170 DFF8A4A0 		ldr	r10, .L3+20
 339 0174 07A9     		add	r1, sp, #28
 340 0176 5046     		mov	r0, r10
 341 0178 FFF7FEFF 		bl	HAL_GPIO_Init
 342              	.LVL11:
 244:Core/Src/main.c **** 
 245:Core/Src/main.c ****   /*Configure GPIO pins : LD4_Pin LD3_Pin LD5_Pin LD6_Pin
 246:Core/Src/main.c ****                            Audio_RST_Pin */
 247:Core/Src/main.c ****   GPIO_InitStruct.Pin = LD4_Pin|LD3_Pin|LD5_Pin|LD6_Pin
 343              		.loc 1 247 3 view .LVU125
 344              		.loc 1 247 23 is_stmt 0 view .LVU126
 345 017c 4FF21003 		movw	r3, #61456
 346 0180 0793     		str	r3, [sp, #28]
 248:Core/Src/main.c ****                           |Audio_RST_Pin;
 249:Core/Src/main.c ****   GPIO_InitStruct.Mode = GPIO_MODE_OUTPUT_PP;
 347              		.loc 1 249 3 is_stmt 1 view .LVU127
 348              		.loc 1 249 24 is_stmt 0 view .LVU128
 349 0182 0895     		str	r5, [sp, #32]
 250:Core/Src/main.c ****   GPIO_InitStruct.Pull = GPIO_NOPULL;
 350              		.loc 1 250 3 is_stmt 1 view .LVU129
 351              		.loc 1 250 24 is_stmt 0 view .LVU130
 352 0184 0994     		str	r4, [sp, #36]
 251:Core/Src/main.c ****   GPIO_InitStruct.Speed = GPIO_SPEED_FREQ_LOW;
 353              		.loc 1 251 3 is_stmt 1 view .LVU131
 354              		.loc 1 251 25 is_stmt 0 view .LVU132
 355 0186 0A94     		str	r4, [sp, #40]
 252:Core/Src/main.c ****   HAL_GPIO_Init(GPIOD, &GPIO_InitStruct);
 356              		.loc 1 252 3 is_stmt 1 view .LVU133
 357 0188 07A9     		add	r1, sp, #28
 358 018a 4846     		mov	r0, r9
 359 018c FFF7FEFF 		bl	HAL_GPIO_Init
 360              	.LVL12:
 253:Core/Src/main.c **** 
 254:Core/Src/main.c ****   /*Configure GPIO pins : I2S3_MCK_Pin I2S3_SCK_Pin I2S3_SD_Pin */
 255:Core/Src/main.c ****   GPIO_InitStruct.Pin = I2S3_MCK_Pin|I2S3_SCK_Pin|I2S3_SD_Pin;
 361              		.loc 1 255 3 view .LVU134
 362              		.loc 1 255 23 is_stmt 0 view .LVU135
 363 0190 4FF4A453 		mov	r3, #5248
 364 0194 0793     		str	r3, [sp, #28]
 256:Core/Src/main.c ****   GPIO_InitStruct.Mode = GPIO_MODE_AF_PP;
 365              		.loc 1 256 3 is_stmt 1 view .LVU136
 366              		.loc 1 256 24 is_stmt 0 view .LVU137
 367 0196 0896     		str	r6, [sp, #32]
 257:Core/Src/main.c ****   GPIO_InitStruct.Pull = GPIO_NOPULL;
 368              		.loc 1 257 3 is_stmt 1 view .LVU138
 369              		.loc 1 257 24 is_stmt 0 view .LVU139
 370 0198 0994     		str	r4, [sp, #36]
 258:Core/Src/main.c ****   GPIO_InitStruct.Speed = GPIO_SPEED_FREQ_LOW;
ARM GAS  C:\Users\Kenneth\AppData\Local\Temp\cc29bzEH.s 			page 12


 371              		.loc 1 258 3 is_stmt 1 view .LVU140
 372              		.loc 1 258 25 is_stmt 0 view .LVU141
 373 019a 0A94     		str	r4, [sp, #40]
 259:Core/Src/main.c ****   GPIO_InitStruct.Alternate = GPIO_AF6_SPI3;
 374              		.loc 1 259 3 is_stmt 1 view .LVU142
 375              		.loc 1 259 29 is_stmt 0 view .LVU143
 376 019c CDF82CB0 		str	fp, [sp, #44]
 260:Core/Src/main.c ****   HAL_GPIO_Init(GPIOC, &GPIO_InitStruct);
 377              		.loc 1 260 3 is_stmt 1 view .LVU144
 378 01a0 07A9     		add	r1, sp, #28
 379 01a2 4046     		mov	r0, r8
 380 01a4 FFF7FEFF 		bl	HAL_GPIO_Init
 381              	.LVL13:
 261:Core/Src/main.c **** 
 262:Core/Src/main.c ****   /*Configure GPIO pin : VBUS_FS_Pin */
 263:Core/Src/main.c ****   GPIO_InitStruct.Pin = VBUS_FS_Pin;
 382              		.loc 1 263 3 view .LVU145
 383              		.loc 1 263 23 is_stmt 0 view .LVU146
 384 01a8 4FF40073 		mov	r3, #512
 385 01ac 0793     		str	r3, [sp, #28]
 264:Core/Src/main.c ****   GPIO_InitStruct.Mode = GPIO_MODE_INPUT;
 386              		.loc 1 264 3 is_stmt 1 view .LVU147
 387              		.loc 1 264 24 is_stmt 0 view .LVU148
 388 01ae 0894     		str	r4, [sp, #32]
 265:Core/Src/main.c ****   GPIO_InitStruct.Pull = GPIO_NOPULL;
 389              		.loc 1 265 3 is_stmt 1 view .LVU149
 390              		.loc 1 265 24 is_stmt 0 view .LVU150
 391 01b0 0994     		str	r4, [sp, #36]
 266:Core/Src/main.c ****   HAL_GPIO_Init(VBUS_FS_GPIO_Port, &GPIO_InitStruct);
 392              		.loc 1 266 3 is_stmt 1 view .LVU151
 393 01b2 07A9     		add	r1, sp, #28
 394 01b4 3846     		mov	r0, r7
 395 01b6 FFF7FEFF 		bl	HAL_GPIO_Init
 396              	.LVL14:
 267:Core/Src/main.c **** 
 268:Core/Src/main.c ****   /*Configure GPIO pins : OTG_FS_ID_Pin OTG_FS_DM_Pin OTG_FS_DP_Pin */
 269:Core/Src/main.c ****   GPIO_InitStruct.Pin = OTG_FS_ID_Pin|OTG_FS_DM_Pin|OTG_FS_DP_Pin;
 397              		.loc 1 269 3 view .LVU152
 398              		.loc 1 269 23 is_stmt 0 view .LVU153
 399 01ba 4FF4E053 		mov	r3, #7168
 400 01be 0793     		str	r3, [sp, #28]
 270:Core/Src/main.c ****   GPIO_InitStruct.Mode = GPIO_MODE_AF_PP;
 401              		.loc 1 270 3 is_stmt 1 view .LVU154
 402              		.loc 1 270 24 is_stmt 0 view .LVU155
 403 01c0 0896     		str	r6, [sp, #32]
 271:Core/Src/main.c ****   GPIO_InitStruct.Pull = GPIO_NOPULL;
 404              		.loc 1 271 3 is_stmt 1 view .LVU156
 405              		.loc 1 271 24 is_stmt 0 view .LVU157
 406 01c2 0994     		str	r4, [sp, #36]
 272:Core/Src/main.c ****   GPIO_InitStruct.Speed = GPIO_SPEED_FREQ_VERY_HIGH;
 407              		.loc 1 272 3 is_stmt 1 view .LVU158
 408              		.loc 1 272 25 is_stmt 0 view .LVU159
 409 01c4 0323     		movs	r3, #3
 410 01c6 0A93     		str	r3, [sp, #40]
 273:Core/Src/main.c ****   GPIO_InitStruct.Alternate = GPIO_AF10_OTG_FS;
 411              		.loc 1 273 3 is_stmt 1 view .LVU160
 412              		.loc 1 273 29 is_stmt 0 view .LVU161
ARM GAS  C:\Users\Kenneth\AppData\Local\Temp\cc29bzEH.s 			page 13


 413 01c8 0A23     		movs	r3, #10
 414 01ca 0B93     		str	r3, [sp, #44]
 274:Core/Src/main.c ****   HAL_GPIO_Init(GPIOA, &GPIO_InitStruct);
 415              		.loc 1 274 3 is_stmt 1 view .LVU162
 416 01cc 07A9     		add	r1, sp, #28
 417 01ce 3846     		mov	r0, r7
 418 01d0 FFF7FEFF 		bl	HAL_GPIO_Init
 419              	.LVL15:
 275:Core/Src/main.c **** 
 276:Core/Src/main.c ****   /*Configure GPIO pin : OTG_FS_OverCurrent_Pin */
 277:Core/Src/main.c ****   GPIO_InitStruct.Pin = OTG_FS_OverCurrent_Pin;
 420              		.loc 1 277 3 view .LVU163
 421              		.loc 1 277 23 is_stmt 0 view .LVU164
 422 01d4 2023     		movs	r3, #32
 423 01d6 0793     		str	r3, [sp, #28]
 278:Core/Src/main.c ****   GPIO_InitStruct.Mode = GPIO_MODE_INPUT;
 424              		.loc 1 278 3 is_stmt 1 view .LVU165
 425              		.loc 1 278 24 is_stmt 0 view .LVU166
 426 01d8 0894     		str	r4, [sp, #32]
 279:Core/Src/main.c ****   GPIO_InitStruct.Pull = GPIO_NOPULL;
 427              		.loc 1 279 3 is_stmt 1 view .LVU167
 428              		.loc 1 279 24 is_stmt 0 view .LVU168
 429 01da 0994     		str	r4, [sp, #36]
 280:Core/Src/main.c ****   HAL_GPIO_Init(OTG_FS_OverCurrent_GPIO_Port, &GPIO_InitStruct);
 430              		.loc 1 280 3 is_stmt 1 view .LVU169
 431 01dc 07A9     		add	r1, sp, #28
 432 01de 4846     		mov	r0, r9
 433 01e0 FFF7FEFF 		bl	HAL_GPIO_Init
 434              	.LVL16:
 281:Core/Src/main.c **** 
 282:Core/Src/main.c ****   /*Configure GPIO pins : Audio_SCL_Pin Audio_SDA_Pin */
 283:Core/Src/main.c ****   GPIO_InitStruct.Pin = Audio_SCL_Pin|Audio_SDA_Pin;
 435              		.loc 1 283 3 view .LVU170
 436              		.loc 1 283 23 is_stmt 0 view .LVU171
 437 01e4 4FF41073 		mov	r3, #576
 438 01e8 0793     		str	r3, [sp, #28]
 284:Core/Src/main.c ****   GPIO_InitStruct.Mode = GPIO_MODE_AF_OD;
 439              		.loc 1 284 3 is_stmt 1 view .LVU172
 440              		.loc 1 284 24 is_stmt 0 view .LVU173
 441 01ea 1223     		movs	r3, #18
 442 01ec 0893     		str	r3, [sp, #32]
 285:Core/Src/main.c ****   GPIO_InitStruct.Pull = GPIO_PULLUP;
 443              		.loc 1 285 3 is_stmt 1 view .LVU174
 444              		.loc 1 285 24 is_stmt 0 view .LVU175
 445 01ee 0995     		str	r5, [sp, #36]
 286:Core/Src/main.c ****   GPIO_InitStruct.Speed = GPIO_SPEED_FREQ_LOW;
 446              		.loc 1 286 3 is_stmt 1 view .LVU176
 447              		.loc 1 286 25 is_stmt 0 view .LVU177
 448 01f0 0A94     		str	r4, [sp, #40]
 287:Core/Src/main.c ****   GPIO_InitStruct.Alternate = GPIO_AF4_I2C1;
 449              		.loc 1 287 3 is_stmt 1 view .LVU178
 450              		.loc 1 287 29 is_stmt 0 view .LVU179
 451 01f2 0423     		movs	r3, #4
 452 01f4 0B93     		str	r3, [sp, #44]
 288:Core/Src/main.c ****   HAL_GPIO_Init(GPIOB, &GPIO_InitStruct);
 453              		.loc 1 288 3 is_stmt 1 view .LVU180
 454 01f6 07A9     		add	r1, sp, #28
ARM GAS  C:\Users\Kenneth\AppData\Local\Temp\cc29bzEH.s 			page 14


 455 01f8 5046     		mov	r0, r10
 456 01fa FFF7FEFF 		bl	HAL_GPIO_Init
 457              	.LVL17:
 289:Core/Src/main.c **** 
 290:Core/Src/main.c **** }
 458              		.loc 1 290 1 is_stmt 0 view .LVU181
 459 01fe 0DB0     		add	sp, sp, #52
 460              	.LCFI2:
 461              		.cfi_def_cfa_offset 36
 462              		@ sp needed
 463 0200 BDE8F08F 		pop	{r4, r5, r6, r7, r8, r9, r10, fp, pc}
 464              	.L4:
 465              		.align	2
 466              	.L3:
 467 0204 00380240 		.word	1073887232
 468 0208 00100240 		.word	1073876992
 469 020c 00000240 		.word	1073872896
 470 0210 00080240 		.word	1073874944
 471 0214 000C0240 		.word	1073875968
 472 0218 00040240 		.word	1073873920
 473              		.cfi_endproc
 474              	.LFE132:
 476              		.section	.text.Error_Handler,"ax",%progbits
 477              		.align	1
 478              		.global	Error_Handler
 479              		.syntax unified
 480              		.thumb
 481              		.thumb_func
 483              	Error_Handler:
 484              	.LFB133:
 291:Core/Src/main.c **** 
 292:Core/Src/main.c **** /* USER CODE BEGIN 4 */
 293:Core/Src/main.c **** 
 294:Core/Src/main.c **** /* USER CODE END 4 */
 295:Core/Src/main.c **** 
 296:Core/Src/main.c **** /**
 297:Core/Src/main.c ****   * @brief  This function is executed in case of error occurrence.
 298:Core/Src/main.c ****   * @retval None
 299:Core/Src/main.c ****   */
 300:Core/Src/main.c **** void Error_Handler(void)
 301:Core/Src/main.c **** {
 485              		.loc 1 301 1 is_stmt 1 view -0
 486              		.cfi_startproc
 487              		@ Volatile: function does not return.
 488              		@ args = 0, pretend = 0, frame = 0
 489              		@ frame_needed = 0, uses_anonymous_args = 0
 490              		@ link register save eliminated.
 302:Core/Src/main.c ****   /* USER CODE BEGIN Error_Handler_Debug */
 303:Core/Src/main.c ****   /* User can add his own implementation to report the HAL error return state */
 304:Core/Src/main.c ****   __disable_irq();
 491              		.loc 1 304 3 view .LVU183
 492              	.LBB10:
 493              	.LBI10:
 494              		.file 2 "Drivers/CMSIS/Include/cmsis_gcc.h"
   1:Drivers/CMSIS/Include/cmsis_gcc.h **** /**************************************************************************//**
   2:Drivers/CMSIS/Include/cmsis_gcc.h ****  * @file     cmsis_gcc.h
   3:Drivers/CMSIS/Include/cmsis_gcc.h ****  * @brief    CMSIS compiler GCC header file
ARM GAS  C:\Users\Kenneth\AppData\Local\Temp\cc29bzEH.s 			page 15


   4:Drivers/CMSIS/Include/cmsis_gcc.h ****  * @version  V5.0.4
   5:Drivers/CMSIS/Include/cmsis_gcc.h ****  * @date     09. April 2018
   6:Drivers/CMSIS/Include/cmsis_gcc.h ****  ******************************************************************************/
   7:Drivers/CMSIS/Include/cmsis_gcc.h **** /*
   8:Drivers/CMSIS/Include/cmsis_gcc.h ****  * Copyright (c) 2009-2018 Arm Limited. All rights reserved.
   9:Drivers/CMSIS/Include/cmsis_gcc.h ****  *
  10:Drivers/CMSIS/Include/cmsis_gcc.h ****  * SPDX-License-Identifier: Apache-2.0
  11:Drivers/CMSIS/Include/cmsis_gcc.h ****  *
  12:Drivers/CMSIS/Include/cmsis_gcc.h ****  * Licensed under the Apache License, Version 2.0 (the License); you may
  13:Drivers/CMSIS/Include/cmsis_gcc.h ****  * not use this file except in compliance with the License.
  14:Drivers/CMSIS/Include/cmsis_gcc.h ****  * You may obtain a copy of the License at
  15:Drivers/CMSIS/Include/cmsis_gcc.h ****  *
  16:Drivers/CMSIS/Include/cmsis_gcc.h ****  * www.apache.org/licenses/LICENSE-2.0
  17:Drivers/CMSIS/Include/cmsis_gcc.h ****  *
  18:Drivers/CMSIS/Include/cmsis_gcc.h ****  * Unless required by applicable law or agreed to in writing, software
  19:Drivers/CMSIS/Include/cmsis_gcc.h ****  * distributed under the License is distributed on an AS IS BASIS, WITHOUT
  20:Drivers/CMSIS/Include/cmsis_gcc.h ****  * WARRANTIES OR CONDITIONS OF ANY KIND, either express or implied.
  21:Drivers/CMSIS/Include/cmsis_gcc.h ****  * See the License for the specific language governing permissions and
  22:Drivers/CMSIS/Include/cmsis_gcc.h ****  * limitations under the License.
  23:Drivers/CMSIS/Include/cmsis_gcc.h ****  */
  24:Drivers/CMSIS/Include/cmsis_gcc.h **** 
  25:Drivers/CMSIS/Include/cmsis_gcc.h **** #ifndef __CMSIS_GCC_H
  26:Drivers/CMSIS/Include/cmsis_gcc.h **** #define __CMSIS_GCC_H
  27:Drivers/CMSIS/Include/cmsis_gcc.h **** 
  28:Drivers/CMSIS/Include/cmsis_gcc.h **** /* ignore some GCC warnings */
  29:Drivers/CMSIS/Include/cmsis_gcc.h **** #pragma GCC diagnostic push
  30:Drivers/CMSIS/Include/cmsis_gcc.h **** #pragma GCC diagnostic ignored "-Wsign-conversion"
  31:Drivers/CMSIS/Include/cmsis_gcc.h **** #pragma GCC diagnostic ignored "-Wconversion"
  32:Drivers/CMSIS/Include/cmsis_gcc.h **** #pragma GCC diagnostic ignored "-Wunused-parameter"
  33:Drivers/CMSIS/Include/cmsis_gcc.h **** 
  34:Drivers/CMSIS/Include/cmsis_gcc.h **** /* Fallback for __has_builtin */
  35:Drivers/CMSIS/Include/cmsis_gcc.h **** #ifndef __has_builtin
  36:Drivers/CMSIS/Include/cmsis_gcc.h ****   #define __has_builtin(x) (0)
  37:Drivers/CMSIS/Include/cmsis_gcc.h **** #endif
  38:Drivers/CMSIS/Include/cmsis_gcc.h **** 
  39:Drivers/CMSIS/Include/cmsis_gcc.h **** /* CMSIS compiler specific defines */
  40:Drivers/CMSIS/Include/cmsis_gcc.h **** #ifndef   __ASM
  41:Drivers/CMSIS/Include/cmsis_gcc.h ****   #define __ASM                                  __asm
  42:Drivers/CMSIS/Include/cmsis_gcc.h **** #endif
  43:Drivers/CMSIS/Include/cmsis_gcc.h **** #ifndef   __INLINE
  44:Drivers/CMSIS/Include/cmsis_gcc.h ****   #define __INLINE                               inline
  45:Drivers/CMSIS/Include/cmsis_gcc.h **** #endif
  46:Drivers/CMSIS/Include/cmsis_gcc.h **** #ifndef   __STATIC_INLINE
  47:Drivers/CMSIS/Include/cmsis_gcc.h ****   #define __STATIC_INLINE                        static inline
  48:Drivers/CMSIS/Include/cmsis_gcc.h **** #endif
  49:Drivers/CMSIS/Include/cmsis_gcc.h **** #ifndef   __STATIC_FORCEINLINE                 
  50:Drivers/CMSIS/Include/cmsis_gcc.h ****   #define __STATIC_FORCEINLINE                   __attribute__((always_inline)) static inline
  51:Drivers/CMSIS/Include/cmsis_gcc.h **** #endif                                           
  52:Drivers/CMSIS/Include/cmsis_gcc.h **** #ifndef   __NO_RETURN
  53:Drivers/CMSIS/Include/cmsis_gcc.h ****   #define __NO_RETURN                            __attribute__((__noreturn__))
  54:Drivers/CMSIS/Include/cmsis_gcc.h **** #endif
  55:Drivers/CMSIS/Include/cmsis_gcc.h **** #ifndef   __USED
  56:Drivers/CMSIS/Include/cmsis_gcc.h ****   #define __USED                                 __attribute__((used))
  57:Drivers/CMSIS/Include/cmsis_gcc.h **** #endif
  58:Drivers/CMSIS/Include/cmsis_gcc.h **** #ifndef   __WEAK
  59:Drivers/CMSIS/Include/cmsis_gcc.h ****   #define __WEAK                                 __attribute__((weak))
  60:Drivers/CMSIS/Include/cmsis_gcc.h **** #endif
ARM GAS  C:\Users\Kenneth\AppData\Local\Temp\cc29bzEH.s 			page 16


  61:Drivers/CMSIS/Include/cmsis_gcc.h **** #ifndef   __PACKED
  62:Drivers/CMSIS/Include/cmsis_gcc.h ****   #define __PACKED                               __attribute__((packed, aligned(1)))
  63:Drivers/CMSIS/Include/cmsis_gcc.h **** #endif
  64:Drivers/CMSIS/Include/cmsis_gcc.h **** #ifndef   __PACKED_STRUCT
  65:Drivers/CMSIS/Include/cmsis_gcc.h ****   #define __PACKED_STRUCT                        struct __attribute__((packed, aligned(1)))
  66:Drivers/CMSIS/Include/cmsis_gcc.h **** #endif
  67:Drivers/CMSIS/Include/cmsis_gcc.h **** #ifndef   __PACKED_UNION
  68:Drivers/CMSIS/Include/cmsis_gcc.h ****   #define __PACKED_UNION                         union __attribute__((packed, aligned(1)))
  69:Drivers/CMSIS/Include/cmsis_gcc.h **** #endif
  70:Drivers/CMSIS/Include/cmsis_gcc.h **** #ifndef   __UNALIGNED_UINT32        /* deprecated */
  71:Drivers/CMSIS/Include/cmsis_gcc.h ****   #pragma GCC diagnostic push
  72:Drivers/CMSIS/Include/cmsis_gcc.h ****   #pragma GCC diagnostic ignored "-Wpacked"
  73:Drivers/CMSIS/Include/cmsis_gcc.h ****   #pragma GCC diagnostic ignored "-Wattributes"
  74:Drivers/CMSIS/Include/cmsis_gcc.h ****   struct __attribute__((packed)) T_UINT32 { uint32_t v; };
  75:Drivers/CMSIS/Include/cmsis_gcc.h ****   #pragma GCC diagnostic pop
  76:Drivers/CMSIS/Include/cmsis_gcc.h ****   #define __UNALIGNED_UINT32(x)                  (((struct T_UINT32 *)(x))->v)
  77:Drivers/CMSIS/Include/cmsis_gcc.h **** #endif
  78:Drivers/CMSIS/Include/cmsis_gcc.h **** #ifndef   __UNALIGNED_UINT16_WRITE
  79:Drivers/CMSIS/Include/cmsis_gcc.h ****   #pragma GCC diagnostic push
  80:Drivers/CMSIS/Include/cmsis_gcc.h ****   #pragma GCC diagnostic ignored "-Wpacked"
  81:Drivers/CMSIS/Include/cmsis_gcc.h ****   #pragma GCC diagnostic ignored "-Wattributes"
  82:Drivers/CMSIS/Include/cmsis_gcc.h ****   __PACKED_STRUCT T_UINT16_WRITE { uint16_t v; };
  83:Drivers/CMSIS/Include/cmsis_gcc.h ****   #pragma GCC diagnostic pop
  84:Drivers/CMSIS/Include/cmsis_gcc.h ****   #define __UNALIGNED_UINT16_WRITE(addr, val)    (void)((((struct T_UINT16_WRITE *)(void *)(addr))-
  85:Drivers/CMSIS/Include/cmsis_gcc.h **** #endif
  86:Drivers/CMSIS/Include/cmsis_gcc.h **** #ifndef   __UNALIGNED_UINT16_READ
  87:Drivers/CMSIS/Include/cmsis_gcc.h ****   #pragma GCC diagnostic push
  88:Drivers/CMSIS/Include/cmsis_gcc.h ****   #pragma GCC diagnostic ignored "-Wpacked"
  89:Drivers/CMSIS/Include/cmsis_gcc.h ****   #pragma GCC diagnostic ignored "-Wattributes"
  90:Drivers/CMSIS/Include/cmsis_gcc.h ****   __PACKED_STRUCT T_UINT16_READ { uint16_t v; };
  91:Drivers/CMSIS/Include/cmsis_gcc.h ****   #pragma GCC diagnostic pop
  92:Drivers/CMSIS/Include/cmsis_gcc.h ****   #define __UNALIGNED_UINT16_READ(addr)          (((const struct T_UINT16_READ *)(const void *)(add
  93:Drivers/CMSIS/Include/cmsis_gcc.h **** #endif
  94:Drivers/CMSIS/Include/cmsis_gcc.h **** #ifndef   __UNALIGNED_UINT32_WRITE
  95:Drivers/CMSIS/Include/cmsis_gcc.h ****   #pragma GCC diagnostic push
  96:Drivers/CMSIS/Include/cmsis_gcc.h ****   #pragma GCC diagnostic ignored "-Wpacked"
  97:Drivers/CMSIS/Include/cmsis_gcc.h ****   #pragma GCC diagnostic ignored "-Wattributes"
  98:Drivers/CMSIS/Include/cmsis_gcc.h ****   __PACKED_STRUCT T_UINT32_WRITE { uint32_t v; };
  99:Drivers/CMSIS/Include/cmsis_gcc.h ****   #pragma GCC diagnostic pop
 100:Drivers/CMSIS/Include/cmsis_gcc.h ****   #define __UNALIGNED_UINT32_WRITE(addr, val)    (void)((((struct T_UINT32_WRITE *)(void *)(addr))-
 101:Drivers/CMSIS/Include/cmsis_gcc.h **** #endif
 102:Drivers/CMSIS/Include/cmsis_gcc.h **** #ifndef   __UNALIGNED_UINT32_READ
 103:Drivers/CMSIS/Include/cmsis_gcc.h ****   #pragma GCC diagnostic push
 104:Drivers/CMSIS/Include/cmsis_gcc.h ****   #pragma GCC diagnostic ignored "-Wpacked"
 105:Drivers/CMSIS/Include/cmsis_gcc.h ****   #pragma GCC diagnostic ignored "-Wattributes"
 106:Drivers/CMSIS/Include/cmsis_gcc.h ****   __PACKED_STRUCT T_UINT32_READ { uint32_t v; };
 107:Drivers/CMSIS/Include/cmsis_gcc.h ****   #pragma GCC diagnostic pop
 108:Drivers/CMSIS/Include/cmsis_gcc.h ****   #define __UNALIGNED_UINT32_READ(addr)          (((const struct T_UINT32_READ *)(const void *)(add
 109:Drivers/CMSIS/Include/cmsis_gcc.h **** #endif
 110:Drivers/CMSIS/Include/cmsis_gcc.h **** #ifndef   __ALIGNED
 111:Drivers/CMSIS/Include/cmsis_gcc.h ****   #define __ALIGNED(x)                           __attribute__((aligned(x)))
 112:Drivers/CMSIS/Include/cmsis_gcc.h **** #endif
 113:Drivers/CMSIS/Include/cmsis_gcc.h **** #ifndef   __RESTRICT
 114:Drivers/CMSIS/Include/cmsis_gcc.h ****   #define __RESTRICT                             __restrict
 115:Drivers/CMSIS/Include/cmsis_gcc.h **** #endif
 116:Drivers/CMSIS/Include/cmsis_gcc.h **** 
 117:Drivers/CMSIS/Include/cmsis_gcc.h **** 
ARM GAS  C:\Users\Kenneth\AppData\Local\Temp\cc29bzEH.s 			page 17


 118:Drivers/CMSIS/Include/cmsis_gcc.h **** /* ###########################  Core Function Access  ########################### */
 119:Drivers/CMSIS/Include/cmsis_gcc.h **** /** \ingroup  CMSIS_Core_FunctionInterface
 120:Drivers/CMSIS/Include/cmsis_gcc.h ****     \defgroup CMSIS_Core_RegAccFunctions CMSIS Core Register Access Functions
 121:Drivers/CMSIS/Include/cmsis_gcc.h ****   @{
 122:Drivers/CMSIS/Include/cmsis_gcc.h ****  */
 123:Drivers/CMSIS/Include/cmsis_gcc.h **** 
 124:Drivers/CMSIS/Include/cmsis_gcc.h **** /**
 125:Drivers/CMSIS/Include/cmsis_gcc.h ****   \brief   Enable IRQ Interrupts
 126:Drivers/CMSIS/Include/cmsis_gcc.h ****   \details Enables IRQ interrupts by clearing the I-bit in the CPSR.
 127:Drivers/CMSIS/Include/cmsis_gcc.h ****            Can only be executed in Privileged modes.
 128:Drivers/CMSIS/Include/cmsis_gcc.h ****  */
 129:Drivers/CMSIS/Include/cmsis_gcc.h **** __STATIC_FORCEINLINE void __enable_irq(void)
 130:Drivers/CMSIS/Include/cmsis_gcc.h **** {
 131:Drivers/CMSIS/Include/cmsis_gcc.h ****   __ASM volatile ("cpsie i" : : : "memory");
 132:Drivers/CMSIS/Include/cmsis_gcc.h **** }
 133:Drivers/CMSIS/Include/cmsis_gcc.h **** 
 134:Drivers/CMSIS/Include/cmsis_gcc.h **** 
 135:Drivers/CMSIS/Include/cmsis_gcc.h **** /**
 136:Drivers/CMSIS/Include/cmsis_gcc.h ****   \brief   Disable IRQ Interrupts
 137:Drivers/CMSIS/Include/cmsis_gcc.h ****   \details Disables IRQ interrupts by setting the I-bit in the CPSR.
 138:Drivers/CMSIS/Include/cmsis_gcc.h ****            Can only be executed in Privileged modes.
 139:Drivers/CMSIS/Include/cmsis_gcc.h ****  */
 140:Drivers/CMSIS/Include/cmsis_gcc.h **** __STATIC_FORCEINLINE void __disable_irq(void)
 495              		.loc 2 140 27 view .LVU184
 496              	.LBB11:
 141:Drivers/CMSIS/Include/cmsis_gcc.h **** {
 142:Drivers/CMSIS/Include/cmsis_gcc.h ****   __ASM volatile ("cpsid i" : : : "memory");
 497              		.loc 2 142 3 view .LVU185
 498              		.syntax unified
 499              	@ 142 "Drivers/CMSIS/Include/cmsis_gcc.h" 1
 500 0000 72B6     		cpsid i
 501              	@ 0 "" 2
 502              		.thumb
 503              		.syntax unified
 504              	.L6:
 505              	.LBE11:
 506              	.LBE10:
 305:Core/Src/main.c ****   while (1)
 507              		.loc 1 305 3 discriminator 1 view .LVU186
 306:Core/Src/main.c ****   {
 307:Core/Src/main.c ****   }
 508              		.loc 1 307 3 discriminator 1 view .LVU187
 305:Core/Src/main.c ****   while (1)
 509              		.loc 1 305 9 discriminator 1 view .LVU188
 510 0002 FEE7     		b	.L6
 511              		.cfi_endproc
 512              	.LFE133:
 514              		.section	.text.SystemClock_Config,"ax",%progbits
 515              		.align	1
 516              		.global	SystemClock_Config
 517              		.syntax unified
 518              		.thumb
 519              		.thumb_func
 521              	SystemClock_Config:
 522              	.LFB131:
 113:Core/Src/main.c ****   RCC_OscInitTypeDef RCC_OscInitStruct = {0};
 523              		.loc 1 113 1 view -0
ARM GAS  C:\Users\Kenneth\AppData\Local\Temp\cc29bzEH.s 			page 18


 524              		.cfi_startproc
 525              		@ args = 0, pretend = 0, frame = 80
 526              		@ frame_needed = 0, uses_anonymous_args = 0
 527 0000 00B5     		push	{lr}
 528              	.LCFI3:
 529              		.cfi_def_cfa_offset 4
 530              		.cfi_offset 14, -4
 531 0002 95B0     		sub	sp, sp, #84
 532              	.LCFI4:
 533              		.cfi_def_cfa_offset 88
 114:Core/Src/main.c ****   RCC_ClkInitTypeDef RCC_ClkInitStruct = {0};
 534              		.loc 1 114 3 view .LVU190
 114:Core/Src/main.c ****   RCC_ClkInitTypeDef RCC_ClkInitStruct = {0};
 535              		.loc 1 114 22 is_stmt 0 view .LVU191
 536 0004 3022     		movs	r2, #48
 537 0006 0021     		movs	r1, #0
 538 0008 08A8     		add	r0, sp, #32
 539 000a FFF7FEFF 		bl	memset
 540              	.LVL18:
 115:Core/Src/main.c **** 
 541              		.loc 1 115 3 is_stmt 1 view .LVU192
 115:Core/Src/main.c **** 
 542              		.loc 1 115 22 is_stmt 0 view .LVU193
 543 000e 0023     		movs	r3, #0
 544 0010 0393     		str	r3, [sp, #12]
 545 0012 0493     		str	r3, [sp, #16]
 546 0014 0593     		str	r3, [sp, #20]
 547 0016 0693     		str	r3, [sp, #24]
 548 0018 0793     		str	r3, [sp, #28]
 119:Core/Src/main.c ****   __HAL_PWR_VOLTAGESCALING_CONFIG(PWR_REGULATOR_VOLTAGE_SCALE1);
 549              		.loc 1 119 3 is_stmt 1 view .LVU194
 550              	.LBB12:
 119:Core/Src/main.c ****   __HAL_PWR_VOLTAGESCALING_CONFIG(PWR_REGULATOR_VOLTAGE_SCALE1);
 551              		.loc 1 119 3 view .LVU195
 552 001a 0193     		str	r3, [sp, #4]
 119:Core/Src/main.c ****   __HAL_PWR_VOLTAGESCALING_CONFIG(PWR_REGULATOR_VOLTAGE_SCALE1);
 553              		.loc 1 119 3 view .LVU196
 554 001c 1F4A     		ldr	r2, .L13
 555 001e 116C     		ldr	r1, [r2, #64]
 556 0020 41F08051 		orr	r1, r1, #268435456
 557 0024 1164     		str	r1, [r2, #64]
 119:Core/Src/main.c ****   __HAL_PWR_VOLTAGESCALING_CONFIG(PWR_REGULATOR_VOLTAGE_SCALE1);
 558              		.loc 1 119 3 view .LVU197
 559 0026 126C     		ldr	r2, [r2, #64]
 560 0028 02F08052 		and	r2, r2, #268435456
 561 002c 0192     		str	r2, [sp, #4]
 119:Core/Src/main.c ****   __HAL_PWR_VOLTAGESCALING_CONFIG(PWR_REGULATOR_VOLTAGE_SCALE1);
 562              		.loc 1 119 3 view .LVU198
 563 002e 019A     		ldr	r2, [sp, #4]
 564              	.LBE12:
 119:Core/Src/main.c ****   __HAL_PWR_VOLTAGESCALING_CONFIG(PWR_REGULATOR_VOLTAGE_SCALE1);
 565              		.loc 1 119 3 view .LVU199
 120:Core/Src/main.c **** 
 566              		.loc 1 120 3 view .LVU200
 567              	.LBB13:
 120:Core/Src/main.c **** 
 568              		.loc 1 120 3 view .LVU201
ARM GAS  C:\Users\Kenneth\AppData\Local\Temp\cc29bzEH.s 			page 19


 569 0030 0293     		str	r3, [sp, #8]
 120:Core/Src/main.c **** 
 570              		.loc 1 120 3 view .LVU202
 571 0032 1B4A     		ldr	r2, .L13+4
 572 0034 1168     		ldr	r1, [r2]
 573 0036 41F44041 		orr	r1, r1, #49152
 574 003a 1160     		str	r1, [r2]
 120:Core/Src/main.c **** 
 575              		.loc 1 120 3 view .LVU203
 576 003c 1268     		ldr	r2, [r2]
 577 003e 02F44042 		and	r2, r2, #49152
 578 0042 0292     		str	r2, [sp, #8]
 120:Core/Src/main.c **** 
 579              		.loc 1 120 3 view .LVU204
 580 0044 029A     		ldr	r2, [sp, #8]
 581              	.LBE13:
 120:Core/Src/main.c **** 
 582              		.loc 1 120 3 view .LVU205
 125:Core/Src/main.c ****   RCC_OscInitStruct.HSIState = RCC_HSI_ON;
 583              		.loc 1 125 3 view .LVU206
 125:Core/Src/main.c ****   RCC_OscInitStruct.HSIState = RCC_HSI_ON;
 584              		.loc 1 125 36 is_stmt 0 view .LVU207
 585 0046 0222     		movs	r2, #2
 586 0048 0892     		str	r2, [sp, #32]
 126:Core/Src/main.c ****   RCC_OscInitStruct.HSICalibrationValue = RCC_HSICALIBRATION_DEFAULT;
 587              		.loc 1 126 3 is_stmt 1 view .LVU208
 126:Core/Src/main.c ****   RCC_OscInitStruct.HSICalibrationValue = RCC_HSICALIBRATION_DEFAULT;
 588              		.loc 1 126 30 is_stmt 0 view .LVU209
 589 004a 0121     		movs	r1, #1
 590 004c 0B91     		str	r1, [sp, #44]
 127:Core/Src/main.c ****   RCC_OscInitStruct.PLL.PLLState = RCC_PLL_ON;
 591              		.loc 1 127 3 is_stmt 1 view .LVU210
 127:Core/Src/main.c ****   RCC_OscInitStruct.PLL.PLLState = RCC_PLL_ON;
 592              		.loc 1 127 41 is_stmt 0 view .LVU211
 593 004e 1021     		movs	r1, #16
 594 0050 0C91     		str	r1, [sp, #48]
 128:Core/Src/main.c ****   RCC_OscInitStruct.PLL.PLLSource = RCC_PLLSOURCE_HSI;
 595              		.loc 1 128 3 is_stmt 1 view .LVU212
 128:Core/Src/main.c ****   RCC_OscInitStruct.PLL.PLLSource = RCC_PLLSOURCE_HSI;
 596              		.loc 1 128 34 is_stmt 0 view .LVU213
 597 0052 0E92     		str	r2, [sp, #56]
 129:Core/Src/main.c ****   RCC_OscInitStruct.PLL.PLLM = 8;
 598              		.loc 1 129 3 is_stmt 1 view .LVU214
 129:Core/Src/main.c ****   RCC_OscInitStruct.PLL.PLLM = 8;
 599              		.loc 1 129 35 is_stmt 0 view .LVU215
 600 0054 0F93     		str	r3, [sp, #60]
 130:Core/Src/main.c ****   RCC_OscInitStruct.PLL.PLLN = 50;
 601              		.loc 1 130 3 is_stmt 1 view .LVU216
 130:Core/Src/main.c ****   RCC_OscInitStruct.PLL.PLLN = 50;
 602              		.loc 1 130 30 is_stmt 0 view .LVU217
 603 0056 0823     		movs	r3, #8
 604 0058 1093     		str	r3, [sp, #64]
 131:Core/Src/main.c ****   RCC_OscInitStruct.PLL.PLLP = RCC_PLLP_DIV4;
 605              		.loc 1 131 3 is_stmt 1 view .LVU218
 131:Core/Src/main.c ****   RCC_OscInitStruct.PLL.PLLP = RCC_PLLP_DIV4;
 606              		.loc 1 131 30 is_stmt 0 view .LVU219
 607 005a 3222     		movs	r2, #50
ARM GAS  C:\Users\Kenneth\AppData\Local\Temp\cc29bzEH.s 			page 20


 608 005c 1192     		str	r2, [sp, #68]
 132:Core/Src/main.c ****   RCC_OscInitStruct.PLL.PLLQ = 8;
 609              		.loc 1 132 3 is_stmt 1 view .LVU220
 132:Core/Src/main.c ****   RCC_OscInitStruct.PLL.PLLQ = 8;
 610              		.loc 1 132 30 is_stmt 0 view .LVU221
 611 005e 0422     		movs	r2, #4
 612 0060 1292     		str	r2, [sp, #72]
 133:Core/Src/main.c ****   if (HAL_RCC_OscConfig(&RCC_OscInitStruct) != HAL_OK)
 613              		.loc 1 133 3 is_stmt 1 view .LVU222
 133:Core/Src/main.c ****   if (HAL_RCC_OscConfig(&RCC_OscInitStruct) != HAL_OK)
 614              		.loc 1 133 30 is_stmt 0 view .LVU223
 615 0062 1393     		str	r3, [sp, #76]
 134:Core/Src/main.c ****   {
 616              		.loc 1 134 3 is_stmt 1 view .LVU224
 134:Core/Src/main.c ****   {
 617              		.loc 1 134 7 is_stmt 0 view .LVU225
 618 0064 08A8     		add	r0, sp, #32
 619 0066 FFF7FEFF 		bl	HAL_RCC_OscConfig
 620              	.LVL19:
 134:Core/Src/main.c ****   {
 621              		.loc 1 134 6 view .LVU226
 622 006a 90B9     		cbnz	r0, .L11
 141:Core/Src/main.c ****                               |RCC_CLOCKTYPE_PCLK1|RCC_CLOCKTYPE_PCLK2;
 623              		.loc 1 141 3 is_stmt 1 view .LVU227
 141:Core/Src/main.c ****                               |RCC_CLOCKTYPE_PCLK1|RCC_CLOCKTYPE_PCLK2;
 624              		.loc 1 141 31 is_stmt 0 view .LVU228
 625 006c 0F23     		movs	r3, #15
 626 006e 0393     		str	r3, [sp, #12]
 143:Core/Src/main.c ****   RCC_ClkInitStruct.AHBCLKDivider = RCC_SYSCLK_DIV1;
 627              		.loc 1 143 3 is_stmt 1 view .LVU229
 143:Core/Src/main.c ****   RCC_ClkInitStruct.AHBCLKDivider = RCC_SYSCLK_DIV1;
 628              		.loc 1 143 34 is_stmt 0 view .LVU230
 629 0070 0223     		movs	r3, #2
 630 0072 0493     		str	r3, [sp, #16]
 144:Core/Src/main.c ****   RCC_ClkInitStruct.APB1CLKDivider = RCC_HCLK_DIV4;
 631              		.loc 1 144 3 is_stmt 1 view .LVU231
 144:Core/Src/main.c ****   RCC_ClkInitStruct.APB1CLKDivider = RCC_HCLK_DIV4;
 632              		.loc 1 144 35 is_stmt 0 view .LVU232
 633 0074 0021     		movs	r1, #0
 634 0076 0591     		str	r1, [sp, #20]
 145:Core/Src/main.c ****   RCC_ClkInitStruct.APB2CLKDivider = RCC_HCLK_DIV2;
 635              		.loc 1 145 3 is_stmt 1 view .LVU233
 145:Core/Src/main.c ****   RCC_ClkInitStruct.APB2CLKDivider = RCC_HCLK_DIV2;
 636              		.loc 1 145 36 is_stmt 0 view .LVU234
 637 0078 4FF4A053 		mov	r3, #5120
 638 007c 0693     		str	r3, [sp, #24]
 146:Core/Src/main.c **** 
 639              		.loc 1 146 3 is_stmt 1 view .LVU235
 146:Core/Src/main.c **** 
 640              		.loc 1 146 36 is_stmt 0 view .LVU236
 641 007e 4FF48053 		mov	r3, #4096
 642 0082 0793     		str	r3, [sp, #28]
 148:Core/Src/main.c ****   {
 643              		.loc 1 148 3 is_stmt 1 view .LVU237
 148:Core/Src/main.c ****   {
 644              		.loc 1 148 7 is_stmt 0 view .LVU238
 645 0084 03A8     		add	r0, sp, #12
ARM GAS  C:\Users\Kenneth\AppData\Local\Temp\cc29bzEH.s 			page 21


 646 0086 FFF7FEFF 		bl	HAL_RCC_ClockConfig
 647              	.LVL20:
 148:Core/Src/main.c ****   {
 648              		.loc 1 148 6 view .LVU239
 649 008a 20B9     		cbnz	r0, .L12
 152:Core/Src/main.c **** 
 650              		.loc 1 152 1 view .LVU240
 651 008c 15B0     		add	sp, sp, #84
 652              	.LCFI5:
 653              		.cfi_remember_state
 654              		.cfi_def_cfa_offset 4
 655              		@ sp needed
 656 008e 5DF804FB 		ldr	pc, [sp], #4
 657              	.L11:
 658              	.LCFI6:
 659              		.cfi_restore_state
 136:Core/Src/main.c ****   }
 660              		.loc 1 136 5 is_stmt 1 view .LVU241
 661 0092 FFF7FEFF 		bl	Error_Handler
 662              	.LVL21:
 663              	.L12:
 150:Core/Src/main.c ****   }
 664              		.loc 1 150 5 view .LVU242
 665 0096 FFF7FEFF 		bl	Error_Handler
 666              	.LVL22:
 667              	.L14:
 668 009a 00BF     		.align	2
 669              	.L13:
 670 009c 00380240 		.word	1073887232
 671 00a0 00700040 		.word	1073770496
 672              		.cfi_endproc
 673              	.LFE131:
 675              		.section	.text.main,"ax",%progbits
 676              		.align	1
 677              		.global	main
 678              		.syntax unified
 679              		.thumb
 680              		.thumb_func
 682              	main:
 683              	.LFB130:
  64:Core/Src/main.c ****   /* USER CODE BEGIN 1 */
 684              		.loc 1 64 1 view -0
 685              		.cfi_startproc
 686              		@ Volatile: function does not return.
 687              		@ args = 0, pretend = 0, frame = 0
 688              		@ frame_needed = 0, uses_anonymous_args = 0
 689 0000 08B5     		push	{r3, lr}
 690              	.LCFI7:
 691              		.cfi_def_cfa_offset 8
 692              		.cfi_offset 3, -8
 693              		.cfi_offset 14, -4
  72:Core/Src/main.c **** 
 694              		.loc 1 72 3 view .LVU244
 695 0002 FFF7FEFF 		bl	HAL_Init
 696              	.LVL23:
  79:Core/Src/main.c **** 
 697              		.loc 1 79 3 view .LVU245
ARM GAS  C:\Users\Kenneth\AppData\Local\Temp\cc29bzEH.s 			page 22


 698 0006 FFF7FEFF 		bl	SystemClock_Config
 699              	.LVL24:
  86:Core/Src/main.c ****   /* USER CODE BEGIN 2 */
 700              		.loc 1 86 3 view .LVU246
 701 000a FFF7FEFF 		bl	MX_GPIO_Init
 702              	.LVL25:
  88:Core/Src/main.c ****   /* USER CODE END 2 */
 703              		.loc 1 88 3 view .LVU247
 704 000e FFF7FEFF 		bl	myMain
 705              	.LVL26:
 706              	.L16:
  93:Core/Src/main.c ****   {
 707              		.loc 1 93 3 discriminator 1 view .LVU248
  95:Core/Src/main.c ****     HAL_Delay(600);
 708              		.loc 1 95 5 discriminator 1 view .LVU249
 709 0012 0B4C     		ldr	r4, .L18
 710 0014 0122     		movs	r2, #1
 711 0016 4FF40051 		mov	r1, #8192
 712 001a 2046     		mov	r0, r4
 713 001c FFF7FEFF 		bl	HAL_GPIO_WritePin
 714              	.LVL27:
  96:Core/Src/main.c ****     HAL_GPIO_WritePin(GPIOD,LD3_Pin,GPIO_PIN_RESET);
 715              		.loc 1 96 5 discriminator 1 view .LVU250
 716 0020 4FF41670 		mov	r0, #600
 717 0024 FFF7FEFF 		bl	HAL_Delay
 718              	.LVL28:
  97:Core/Src/main.c ****     HAL_Delay(600);
 719              		.loc 1 97 5 discriminator 1 view .LVU251
 720 0028 0022     		movs	r2, #0
 721 002a 4FF40051 		mov	r1, #8192
 722 002e 2046     		mov	r0, r4
 723 0030 FFF7FEFF 		bl	HAL_GPIO_WritePin
 724              	.LVL29:
  98:Core/Src/main.c **** 
 725              		.loc 1 98 5 discriminator 1 view .LVU252
 726 0034 4FF41670 		mov	r0, #600
 727 0038 FFF7FEFF 		bl	HAL_Delay
 728              	.LVL30:
  93:Core/Src/main.c ****   {
 729              		.loc 1 93 9 discriminator 1 view .LVU253
 730 003c E9E7     		b	.L16
 731              	.L19:
 732 003e 00BF     		.align	2
 733              	.L18:
 734 0040 000C0240 		.word	1073875968
 735              		.cfi_endproc
 736              	.LFE130:
 738              		.text
 739              	.Letext0:
 740              		.file 3 "r:\\tools\\gnu arm embedded toolchain\\10 2021.10\\arm-none-eabi\\include\\machine\\_defa
 741              		.file 4 "r:\\tools\\gnu arm embedded toolchain\\10 2021.10\\arm-none-eabi\\include\\sys\\_stdint.h
 742              		.file 5 "Drivers/CMSIS/Device/ST/STM32F4xx/Include/stm32f411xe.h"
 743              		.file 6 "Drivers/STM32F4xx_HAL_Driver/Inc/stm32f4xx_hal_rcc_ex.h"
 744              		.file 7 "Drivers/STM32F4xx_HAL_Driver/Inc/stm32f4xx_hal_rcc.h"
 745              		.file 8 "Drivers/STM32F4xx_HAL_Driver/Inc/stm32f4xx_hal_gpio.h"
 746              		.file 9 "Drivers/STM32F4xx_HAL_Driver/Inc/stm32f4xx_hal_def.h"
 747              		.file 10 "Drivers/STM32F4xx_HAL_Driver/Inc/stm32f4xx_hal.h"
ARM GAS  C:\Users\Kenneth\AppData\Local\Temp\cc29bzEH.s 			page 23


 748              		.file 11 "Core/Inc/mymain.h"
 749              		.file 12 "<built-in>"
ARM GAS  C:\Users\Kenneth\AppData\Local\Temp\cc29bzEH.s 			page 24


DEFINED SYMBOLS
                            *ABS*:00000000 main.c
C:\Users\Kenneth\AppData\Local\Temp\cc29bzEH.s:20     .text.MX_GPIO_Init:00000000 $t
C:\Users\Kenneth\AppData\Local\Temp\cc29bzEH.s:25     .text.MX_GPIO_Init:00000000 MX_GPIO_Init
C:\Users\Kenneth\AppData\Local\Temp\cc29bzEH.s:467    .text.MX_GPIO_Init:00000204 $d
C:\Users\Kenneth\AppData\Local\Temp\cc29bzEH.s:477    .text.Error_Handler:00000000 $t
C:\Users\Kenneth\AppData\Local\Temp\cc29bzEH.s:483    .text.Error_Handler:00000000 Error_Handler
C:\Users\Kenneth\AppData\Local\Temp\cc29bzEH.s:515    .text.SystemClock_Config:00000000 $t
C:\Users\Kenneth\AppData\Local\Temp\cc29bzEH.s:521    .text.SystemClock_Config:00000000 SystemClock_Config
C:\Users\Kenneth\AppData\Local\Temp\cc29bzEH.s:670    .text.SystemClock_Config:0000009c $d
C:\Users\Kenneth\AppData\Local\Temp\cc29bzEH.s:676    .text.main:00000000 $t
C:\Users\Kenneth\AppData\Local\Temp\cc29bzEH.s:682    .text.main:00000000 main
C:\Users\Kenneth\AppData\Local\Temp\cc29bzEH.s:734    .text.main:00000040 $d

UNDEFINED SYMBOLS
HAL_GPIO_WritePin
HAL_GPIO_Init
memset
HAL_RCC_OscConfig
HAL_RCC_ClockConfig
HAL_Init
myMain
HAL_Delay
