ARM GAS  C:\Users\Kenneth\AppData\Local\Temp\ccNemce0.s 			page 1


   1              		.cpu cortex-m4
   2              		.arch armv7e-m
   3              		.fpu fpv4-sp-d16
   4              		.eabi_attribute 27, 1
   5              		.eabi_attribute 28, 1
   6              		.eabi_attribute 20, 1
   7              		.eabi_attribute 21, 1
   8              		.eabi_attribute 23, 3
   9              		.eabi_attribute 24, 1
  10              		.eabi_attribute 25, 1
  11              		.eabi_attribute 26, 1
  12              		.eabi_attribute 30, 1
  13              		.eabi_attribute 34, 1
  14              		.eabi_attribute 18, 4
  15              		.file	"mymain.cpp"
  16              		.text
  17              		.align	1
  18              		.global	myMain
  19              		.syntax unified
  20              		.thumb
  21              		.thumb_func
  23              	myMain:
  24              		.fnstart
  25              	.LFB137:
  26              		@ args = 0, pretend = 0, frame = 32
  27              		@ frame_needed = 0, uses_anonymous_args = 0
  28 0000 10B5     		push	{r4, lr}
  29              		.save {r4, lr}
  30              		.pad #32
  31 0002 88B0     		sub	sp, sp, #32
  32 0004 1D4B     		ldr	r3, .L4
  33 0006 0693     		str	r3, [sp, #24]
  34 0008 4FF40052 		mov	r2, #8192
  35 000c ADF81C20 		strh	r2, [sp, #28]	@ movhi
  36 0010 0493     		str	r3, [sp, #16]
  37 0012 4FF48052 		mov	r2, #4096
  38 0016 ADF81420 		strh	r2, [sp, #20]	@ movhi
  39 001a 0293     		str	r3, [sp, #8]
  40 001c 4FF48042 		mov	r2, #16384
  41 0020 ADF80C20 		strh	r2, [sp, #12]	@ movhi
  42 0024 0093     		str	r3, [sp]
  43 0026 4FF40043 		mov	r3, #32768
  44 002a ADF80430 		strh	r3, [sp, #4]	@ movhi
  45              	.L2:
  46 002e 134C     		ldr	r4, .L4
  47 0030 4FF40051 		mov	r1, #8192
  48 0034 2046     		mov	r0, r4
  49 0036 FFF7FEFF 		bl	HAL_GPIO_TogglePin
  50 003a 4FF41670 		mov	r0, #600
  51 003e FFF7FEFF 		bl	HAL_Delay
  52 0042 4FF48051 		mov	r1, #4096
  53 0046 2046     		mov	r0, r4
  54 0048 FFF7FEFF 		bl	HAL_GPIO_TogglePin
  55 004c 4FF41670 		mov	r0, #600
  56 0050 FFF7FEFF 		bl	HAL_Delay
  57 0054 4FF40041 		mov	r1, #32768
  58 0058 2046     		mov	r0, r4
ARM GAS  C:\Users\Kenneth\AppData\Local\Temp\ccNemce0.s 			page 2


  59 005a FFF7FEFF 		bl	HAL_GPIO_TogglePin
  60 005e 4FF41670 		mov	r0, #600
  61 0062 FFF7FEFF 		bl	HAL_Delay
  62 0066 4FF48041 		mov	r1, #16384
  63 006a 2046     		mov	r0, r4
  64 006c FFF7FEFF 		bl	HAL_GPIO_TogglePin
  65 0070 4FF41670 		mov	r0, #600
  66 0074 FFF7FEFF 		bl	HAL_Delay
  67 0078 D9E7     		b	.L2
  68              	.L5:
  69 007a 00BF     		.align	2
  70              	.L4:
  71 007c 000C0240 		.word	1073875968
  72              		.fnend
  74              		.ident	"GCC: (GNU Arm Embedded Toolchain 10.3-2021.10) 10.3.1 20210824 (release)"
ARM GAS  C:\Users\Kenneth\AppData\Local\Temp\ccNemce0.s 			page 3


DEFINED SYMBOLS
                            *ABS*:00000000 mymain.cpp
C:\Users\Kenneth\AppData\Local\Temp\ccNemce0.s:17     .text:00000000 $t
C:\Users\Kenneth\AppData\Local\Temp\ccNemce0.s:23     .text:00000000 myMain
C:\Users\Kenneth\AppData\Local\Temp\ccNemce0.s:71     .text:0000007c $d
                       .ARM.exidx:00000000 $d

UNDEFINED SYMBOLS
HAL_GPIO_TogglePin
HAL_Delay
__aeabi_unwind_cpp_pr0
